<?xml version="1.0" encoding="UTF-8"?>
<!-- Generated by org.testng.reporters.JUnitXMLReporter -->
<testsuite ignored="3" hostname="DESKTOP-40TRC32" failures="0" tests="1" name="Default test" time="19.521" errors="0" timestamp="2022-12-20T12:09:29 IST">
  <testcase classname="com.fb.qa.testcases.LoginPageTest" name="switchToForgetPass" time="1.784"/>
  <testcase classname="com.fb.qa.testcases.LoginPageTest" name="multipleLoginTest" time="0.0">
    <ignored/>
  </testcase> <!-- multipleLoginTest -->
  <testcase classname="com.fb.qa.testcases.LoginPageTest" name="createAccTest" time="0.0">
    <ignored/>
  </testcase> <!-- createAccTest -->
  <testcase classname="com.fb.qa.testcases.LoginPageTest" name="loginTest" time="0.0">
    <ignored/>
  </testcase> <!-- loginTest -->
</testsuite> <!-- Default test -->
